<?xml version="1.0" encoding="UTF-8"?>
<!-- Generated by org.testng.reporters.JUnitXMLReporter -->
<testsuite ignored="0" hostname="LAPTOP-42R0MGSV" failures="0" tests="2" name="Default test" time="74.474" errors="0" timestamp="2023-02-06T16:15:09 IST">
  <testcase classname="NeoStockPom_Mvn.L_ValidateNeoStockuserName" name="ValidateACBalance" time="0.05"/>
  <testcase classname="NeoStockPom_Mvn.L_ValidateNeoStockuserName" name="ValidateUserName" time="0.043"/>
</testsuite> <!-- Default test -->
