<?xml version="1.0" encoding="UTF-8"?>
<testng-results ignored="0" total="2" passed="2" failed="0" skipped="0">
  <reporter-output>
    <line>
      <![CDATA[Reading data from Property File]]>
    </line>
    <line>
      <![CDATA[Data is https://neostox.com/  ]]>
    </line>
    <line>
      <![CDATA[waiting for 1000ms]]>
    </line>
    <line>
      <![CDATA[launching browser]]>
    </line>
    <line>
      <![CDATA[clicking on signin button]]>
    </line>
    <line>
      <![CDATA[waiting for 1000ms]]>
    </line>
    <line>
      <![CDATA[Reading data from Property File]]>
    </line>
    <line>
      <![CDATA[Data is 8007626950]]>
    </line>
    <line>
      <![CDATA[Entering mobile number]]>
    </line>
    <line>
      <![CDATA[clicking on signin button]]>
    </line>
    <line>
      <![CDATA[waiting for 1000ms]]>
    </line>
    <line>
      <![CDATA[Reading data from Property File]]>
    </line>
    <line>
      <![CDATA[Data is 4959]]>
    </line>
    <line>
      <![CDATA[Entering Password]]>
    </line>
    <line>
      <![CDATA[clicking on submit button]]>
    </line>
    <line>
      <![CDATA[scrolling into view to OK]]>
    </line>
    <line>
      <![CDATA[clicking on popup ok button]]>
    </line>
    <line>
      <![CDATA[getting AC Balance]]>
    </line>
    <line>
      <![CDATA[ AC Balance is Rs.5,00,000.00]]>
    </line>
    <line>
      <![CDATA[TCValidateACBalancepassed]]>
    </line>
    <line>
      <![CDATA[logging out from neostock]]>
    </line>
    <line>
      <![CDATA[clicking on signin button]]>
    </line>
    <line>
      <![CDATA[waiting for 1000ms]]>
    </line>
    <line>
      <![CDATA[Reading data from Property File]]>
    </line>
    <line>
      <![CDATA[Data is 8007626950]]>
    </line>
    <line>
      <![CDATA[Entering mobile number]]>
    </line>
    <line>
      <![CDATA[clicking on signin button]]>
    </line>
    <line>
      <![CDATA[waiting for 1000ms]]>
    </line>
    <line>
      <![CDATA[Reading data from Property File]]>
    </line>
    <line>
      <![CDATA[Data is 4959]]>
    </line>
    <line>
      <![CDATA[Entering Password]]>
    </line>
    <line>
      <![CDATA[clicking on submit button]]>
    </line>
    <line>
      <![CDATA[There is no popUp]]>
    </line>
    <line>
      <![CDATA[Actual user name is---->Hi shubham Babar]]>
    </line>
    <line>
      <![CDATA[Reading data from Property File]]>
    </line>
    <line>
      <![CDATA[Data is Hi shubham Babar]]>
    </line>
    <line>
      <![CDATA[TCValidateUserNamepassed]]>
    </line>
    <line>
      <![CDATA[logging out from neostock]]>
    </line>
    <line>
      <![CDATA[Closing Application]]>
    </line>
  </reporter-output>
  <suite started-at="2023-02-06T16:13:55 IST" name="Default suite" finished-at="2023-02-06T16:15:09 IST" duration-ms="74474">
    <groups>
    </groups>
    <test started-at="2023-02-06T16:13:55 IST" name="Default test" finished-at="2023-02-06T16:15:09 IST" duration-ms="74474">
      <class name="NeoStockPom_Mvn.L_ValidateNeoStockuserName">
        <test-method is-config="true" signature="launchNeoStockApp()[pri:0, instance:NeoStockPom_Mvn.L_ValidateNeoStockuserName@437da279]" started-at="2023-02-06T16:13:55 IST" name="launchNeoStockApp" finished-at="2023-02-06T16:14:04 IST" duration-ms="9513" status="PASS">
          <reporter-output>
            <line>
              <![CDATA[Reading data from Property File]]>
            </line>
            <line>
              <![CDATA[Data is https://neostox.com/  ]]>
            </line>
            <line>
              <![CDATA[waiting for 1000ms]]>
            </line>
            <line>
              <![CDATA[launching browser]]>
            </line>
          </reporter-output>
        </test-method> <!-- launchNeoStockApp -->
        <test-method is-config="true" signature="loginToNeoStock()[pri:0, instance:NeoStockPom_Mvn.L_ValidateNeoStockuserName@437da279]" started-at="2023-02-06T16:14:04 IST" name="loginToNeoStock" finished-at="2023-02-06T16:14:31 IST" duration-ms="27074" status="PASS">
          <reporter-output>
            <line>
              <![CDATA[clicking on signin button]]>
            </line>
            <line>
              <![CDATA[waiting for 1000ms]]>
            </line>
            <line>
              <![CDATA[Reading data from Property File]]>
            </line>
            <line>
              <![CDATA[Data is 8007626950]]>
            </line>
            <line>
              <![CDATA[Entering mobile number]]>
            </line>
            <line>
              <![CDATA[clicking on signin button]]>
            </line>
            <line>
              <![CDATA[waiting for 1000ms]]>
            </line>
            <line>
              <![CDATA[Reading data from Property File]]>
            </line>
            <line>
              <![CDATA[Data is 4959]]>
            </line>
            <line>
              <![CDATA[Entering Password]]>
            </line>
            <line>
              <![CDATA[clicking on submit button]]>
            </line>
            <line>
              <![CDATA[scrolling into view to OK]]>
            </line>
            <line>
              <![CDATA[clicking on popup ok button]]>
            </line>
          </reporter-output>
        </test-method> <!-- loginToNeoStock -->
        <test-method signature="ValidateACBalance()[pri:0, instance:NeoStockPom_Mvn.L_ValidateNeoStockuserName@437da279]" started-at="2023-02-06T16:14:31 IST" name="ValidateACBalance" finished-at="2023-02-06T16:14:31 IST" duration-ms="50" status="PASS">
          <reporter-output>
            <line>
              <![CDATA[getting AC Balance]]>
            </line>
            <line>
              <![CDATA[ AC Balance is Rs.5,00,000.00]]>
            </line>
            <line>
              <![CDATA[TCValidateACBalancepassed]]>
            </line>
          </reporter-output>
        </test-method> <!-- ValidateACBalance -->
        <test-method is-config="true" signature="logOutFromNeoStock()[pri:0, instance:NeoStockPom_Mvn.L_ValidateNeoStockuserName@437da279]" started-at="2023-02-06T16:14:31 IST" name="logOutFromNeoStock" finished-at="2023-02-06T16:14:41 IST" duration-ms="9893" status="PASS">
          <reporter-output>
            <line>
              <![CDATA[logging out from neostock]]>
            </line>
          </reporter-output>
        </test-method> <!-- logOutFromNeoStock -->
        <test-method is-config="true" signature="loginToNeoStock()[pri:0, instance:NeoStockPom_Mvn.L_ValidateNeoStockuserName@437da279]" started-at="2023-02-06T16:14:41 IST" name="loginToNeoStock" finished-at="2023-02-06T16:14:52 IST" duration-ms="10786" status="PASS">
          <reporter-output>
            <line>
              <![CDATA[clicking on signin button]]>
            </line>
            <line>
              <![CDATA[waiting for 1000ms]]>
            </line>
            <line>
              <![CDATA[Reading data from Property File]]>
            </line>
            <line>
              <![CDATA[Data is 8007626950]]>
            </line>
            <line>
              <![CDATA[Entering mobile number]]>
            </line>
            <line>
              <![CDATA[clicking on signin button]]>
            </line>
            <line>
              <![CDATA[waiting for 1000ms]]>
            </line>
            <line>
              <![CDATA[Reading data from Property File]]>
            </line>
            <line>
              <![CDATA[Data is 4959]]>
            </line>
            <line>
              <![CDATA[Entering Password]]>
            </line>
            <line>
              <![CDATA[clicking on submit button]]>
            </line>
            <line>
              <![CDATA[There is no popUp]]>
            </line>
          </reporter-output>
        </test-method> <!-- loginToNeoStock -->
        <test-method signature="ValidateUserName()[pri:0, instance:NeoStockPom_Mvn.L_ValidateNeoStockuserName@437da279]" started-at="2023-02-06T16:14:52 IST" name="ValidateUserName" finished-at="2023-02-06T16:14:52 IST" duration-ms="43" status="PASS">
          <reporter-output>
            <line>
              <![CDATA[Actual user name is---->Hi shubham Babar]]>
            </line>
            <line>
              <![CDATA[Reading data from Property File]]>
            </line>
            <line>
              <![CDATA[Data is Hi shubham Babar]]>
            </line>
            <line>
              <![CDATA[TCValidateUserNamepassed]]>
            </line>
          </reporter-output>
        </test-method> <!-- ValidateUserName -->
        <test-method is-config="true" signature="logOutFromNeoStock()[pri:0, instance:NeoStockPom_Mvn.L_ValidateNeoStockuserName@437da279]" started-at="2023-02-06T16:14:52 IST" name="logOutFromNeoStock" finished-at="2023-02-06T16:14:59 IST" duration-ms="6890" status="PASS">
          <reporter-output>
            <line>
              <![CDATA[logging out from neostock]]>
            </line>
          </reporter-output>
        </test-method> <!-- logOutFromNeoStock -->
        <test-method is-config="true" signature="closeNeoStockApp()[pri:0, instance:NeoStockPom_Mvn.L_ValidateNeoStockuserName@437da279]" started-at="2023-02-06T16:14:59 IST" name="closeNeoStockApp" finished-at="2023-02-06T16:15:09 IST" duration-ms="10174" status="PASS">
          <reporter-output>
            <line>
              <![CDATA[Closing Application]]>
            </line>
          </reporter-output>
        </test-method> <!-- closeNeoStockApp -->
      </class> <!-- NeoStockPom_Mvn.L_ValidateNeoStockuserName -->
    </test> <!-- Default test -->
  </suite> <!-- Default suite -->
</testng-results>
