<?xml version="1.0" encoding="UTF-8"?>
<testng-results ignored="0" total="2" passed="1" failed="1" skipped="0">
  <reporter-output>
    <line>
      <![CDATA[Reading data from Property File]]>
    </line>
    <line>
      <![CDATA[Data is https://neostox.com/  ]]>
    </line>
    <line>
      <![CDATA[waiting for 1000ms]]>
    </line>
    <line>
      <![CDATA[launching browser]]>
    </line>
    <line>
      <![CDATA[clicking on signin button]]>
    </line>
    <line>
      <![CDATA[waiting for 1000ms]]>
    </line>
    <line>
      <![CDATA[Reading data from Property File]]>
    </line>
    <line>
      <![CDATA[Data is 8007626950]]>
    </line>
    <line>
      <![CDATA[Entering mobile number]]>
    </line>
    <line>
      <![CDATA[clicking on signin button]]>
    </line>
    <line>
      <![CDATA[waiting for 1000ms]]>
    </line>
    <line>
      <![CDATA[Reading data from Property File]]>
    </line>
    <line>
      <![CDATA[Data is 4959]]>
    </line>
    <line>
      <![CDATA[Entering Password]]>
    </line>
    <line>
      <![CDATA[clicking on submit button]]>
    </line>
    <line>
      <![CDATA[scrolling into view to OK]]>
    </line>
    <line>
      <![CDATA[clicking on popup ok button]]>
    </line>
    <line>
      <![CDATA[getting AC Balance]]>
    </line>
    <line>
      <![CDATA[ AC Balance is Rs.5,00,000.00]]>
    </line>
    <line>
      <![CDATA[TCValidateACBalancepassed]]>
    </line>
    <line>
      <![CDATA[logging out from neostock]]>
    </line>
    <line>
      <![CDATA[clicking on signin button]]>
    </line>
    <line>
      <![CDATA[waiting for 1000ms]]>
    </line>
    <line>
      <![CDATA[Reading data from Property File]]>
    </line>
    <line>
      <![CDATA[Data is 8007626950]]>
    </line>
    <line>
      <![CDATA[Entering mobile number]]>
    </line>
    <line>
      <![CDATA[clicking on signin button]]>
    </line>
    <line>
      <![CDATA[waiting for 1000ms]]>
    </line>
    <line>
      <![CDATA[Reading data from Property File]]>
    </line>
    <line>
      <![CDATA[Data is 4959]]>
    </line>
    <line>
      <![CDATA[Entering Password]]>
    </line>
    <line>
      <![CDATA[clicking on submit button]]>
    </line>
    <line>
      <![CDATA[There is no popUp]]>
    </line>
    <line>
      <![CDATA[Actual user name is---->]]>
    </line>
    <line>
      <![CDATA[Reading data from Property File]]>
    </line>
    <line>
      <![CDATA[Data is Hi shubham Babar]]>
    </line>
    <line>
      <![CDATA[TCValidateUserNamefailed]]>
    </line>
    <line>
      <![CDATA[taking screenshot ]]>
    </line>
    <line>
      <![CDATA[screenShot taken and saved at C:\Users\hp\Desktop\Failed_SSValidateUserName.png]]>
    </line>
    <line>
      <![CDATA[logging out from neostock]]>
    </line>
    <line>
      <![CDATA[Closing Application]]>
    </line>
  </reporter-output>
  <suite started-at="2023-01-13T23:02:23 IST" name="Default suite" finished-at="2023-01-13T23:04:18 IST" duration-ms="115491">
    <groups>
    </groups>
    <test started-at="2023-01-13T23:02:23 IST" name="Default test" finished-at="2023-01-13T23:04:18 IST" duration-ms="115491">
      <class name="NeoStockPom_Mvn.L_ValidateNeoStockuserName">
        <test-method is-config="true" signature="launchNeoStockApp()[pri:0, instance:NeoStockPom_Mvn.L_ValidateNeoStockuserName@437da279]" started-at="2023-01-13T23:02:23 IST" name="launchNeoStockApp" finished-at="2023-01-13T23:02:31 IST" duration-ms="8206" status="PASS">
          <reporter-output>
            <line>
              <![CDATA[Reading data from Property File]]>
            </line>
            <line>
              <![CDATA[Data is https://neostox.com/  ]]>
            </line>
            <line>
              <![CDATA[waiting for 1000ms]]>
            </line>
            <line>
              <![CDATA[launching browser]]>
            </line>
          </reporter-output>
        </test-method> <!-- launchNeoStockApp -->
        <test-method is-config="true" signature="loginToNeoStock()[pri:0, instance:NeoStockPom_Mvn.L_ValidateNeoStockuserName@437da279]" started-at="2023-01-13T23:02:31 IST" name="loginToNeoStock" finished-at="2023-01-13T23:03:29 IST" duration-ms="57966" status="PASS">
          <reporter-output>
            <line>
              <![CDATA[clicking on signin button]]>
            </line>
            <line>
              <![CDATA[waiting for 1000ms]]>
            </line>
            <line>
              <![CDATA[Reading data from Property File]]>
            </line>
            <line>
              <![CDATA[Data is 8007626950]]>
            </line>
            <line>
              <![CDATA[Entering mobile number]]>
            </line>
            <line>
              <![CDATA[clicking on signin button]]>
            </line>
            <line>
              <![CDATA[waiting for 1000ms]]>
            </line>
            <line>
              <![CDATA[Reading data from Property File]]>
            </line>
            <line>
              <![CDATA[Data is 4959]]>
            </line>
            <line>
              <![CDATA[Entering Password]]>
            </line>
            <line>
              <![CDATA[clicking on submit button]]>
            </line>
            <line>
              <![CDATA[scrolling into view to OK]]>
            </line>
            <line>
              <![CDATA[clicking on popup ok button]]>
            </line>
          </reporter-output>
        </test-method> <!-- loginToNeoStock -->
        <test-method signature="ValidateACBalance()[pri:0, instance:NeoStockPom_Mvn.L_ValidateNeoStockuserName@437da279]" started-at="2023-01-13T23:03:29 IST" name="ValidateACBalance" finished-at="2023-01-13T23:03:29 IST" duration-ms="27" status="PASS">
          <reporter-output>
            <line>
              <![CDATA[getting AC Balance]]>
            </line>
            <line>
              <![CDATA[ AC Balance is Rs.5,00,000.00]]>
            </line>
            <line>
              <![CDATA[TCValidateACBalancepassed]]>
            </line>
          </reporter-output>
        </test-method> <!-- ValidateACBalance -->
        <test-method is-config="true" signature="logOutFromNeoStock()[pri:0, instance:NeoStockPom_Mvn.L_ValidateNeoStockuserName@437da279]" started-at="2023-01-13T23:03:29 IST" name="logOutFromNeoStock" finished-at="2023-01-13T23:03:37 IST" duration-ms="7807" status="PASS">
          <reporter-output>
            <line>
              <![CDATA[logging out from neostock]]>
            </line>
          </reporter-output>
        </test-method> <!-- logOutFromNeoStock -->
        <test-method is-config="true" signature="loginToNeoStock()[pri:0, instance:NeoStockPom_Mvn.L_ValidateNeoStockuserName@437da279]" started-at="2023-01-13T23:03:37 IST" name="loginToNeoStock" finished-at="2023-01-13T23:03:54 IST" duration-ms="16808" status="PASS">
          <reporter-output>
            <line>
              <![CDATA[clicking on signin button]]>
            </line>
            <line>
              <![CDATA[waiting for 1000ms]]>
            </line>
            <line>
              <![CDATA[Reading data from Property File]]>
            </line>
            <line>
              <![CDATA[Data is 8007626950]]>
            </line>
            <line>
              <![CDATA[Entering mobile number]]>
            </line>
            <line>
              <![CDATA[clicking on signin button]]>
            </line>
            <line>
              <![CDATA[waiting for 1000ms]]>
            </line>
            <line>
              <![CDATA[Reading data from Property File]]>
            </line>
            <line>
              <![CDATA[Data is 4959]]>
            </line>
            <line>
              <![CDATA[Entering Password]]>
            </line>
            <line>
              <![CDATA[clicking on submit button]]>
            </line>
            <line>
              <![CDATA[There is no popUp]]>
            </line>
          </reporter-output>
        </test-method> <!-- loginToNeoStock -->
        <test-method signature="ValidateUserName()[pri:0, instance:NeoStockPom_Mvn.L_ValidateNeoStockuserName@437da279]" started-at="2023-01-13T23:03:54 IST" name="ValidateUserName" finished-at="2023-01-13T23:03:54 IST" duration-ms="19" status="FAIL">
          <exception class="java.lang.AssertionError">
            <message>
              <![CDATA[Actual and Expected user Names are not matching TC is failed expected [Hi shubham Babar] but found []]]>
            </message>
            <full-stacktrace>
              <![CDATA[java.lang.AssertionError: Actual and Expected user Names are not matching TC is failed expected [Hi shubham Babar] but found []
at org.testng.Assert.fail(Assert.java:99)
at org.testng.Assert.failNotEquals(Assert.java:1037)
at org.testng.Assert.assertEqualsImpl(Assert.java:140)
at org.testng.Assert.assertEquals(Assert.java:122)
at org.testng.Assert.assertEquals(Assert.java:629)
at NeoStockPom_Mvn.L_ValidateNeoStockuserName.ValidateUserName(L_ValidateNeoStockuserName.java:69)
at java.base/jdk.internal.reflect.NativeMethodAccessorImpl.invoke0(Native Method)
at java.base/jdk.internal.reflect.NativeMethodAccessorImpl.invoke(NativeMethodAccessorImpl.java:62)
at java.base/jdk.internal.reflect.DelegatingMethodAccessorImpl.invoke(DelegatingMethodAccessorImpl.java:43)
at java.base/java.lang.reflect.Method.invoke(Method.java:566)
at org.testng.internal.MethodInvocationHelper.invokeMethod(MethodInvocationHelper.java:133)
at org.testng.internal.TestInvoker.invokeMethod(TestInvoker.java:598)
at org.testng.internal.TestInvoker.invokeTestMethod(TestInvoker.java:173)
at org.testng.internal.MethodRunner.runInSequence(MethodRunner.java:46)
at org.testng.internal.TestInvoker$MethodInvocationAgent.invoke(TestInvoker.java:824)
at org.testng.internal.TestInvoker.invokeTestMethods(TestInvoker.java:146)
at org.testng.internal.TestMethodWorker.invokeTestMethods(TestMethodWorker.java:146)
at org.testng.internal.TestMethodWorker.run(TestMethodWorker.java:128)
at java.base/java.util.ArrayList.forEach(ArrayList.java:1541)
at org.testng.TestRunner.privateRun(TestRunner.java:794)
at org.testng.TestRunner.run(TestRunner.java:596)
at org.testng.SuiteRunner.runTest(SuiteRunner.java:377)
at org.testng.SuiteRunner.runSequentially(SuiteRunner.java:371)
at org.testng.SuiteRunner.privateRun(SuiteRunner.java:332)
at org.testng.SuiteRunner.run(SuiteRunner.java:276)
at org.testng.SuiteRunnerWorker.runSuite(SuiteRunnerWorker.java:53)
at org.testng.SuiteRunnerWorker.run(SuiteRunnerWorker.java:96)
at org.testng.TestNG.runSuitesSequentially(TestNG.java:1212)
at org.testng.TestNG.runSuitesLocally(TestNG.java:1134)
at org.testng.TestNG.runSuites(TestNG.java:1063)
at org.testng.TestNG.run(TestNG.java:1031)
at org.testng.remote.AbstractRemoteTestNG.run(AbstractRemoteTestNG.java:115)
at org.testng.remote.RemoteTestNG.initAndRun(RemoteTestNG.java:251)
at org.testng.remote.RemoteTestNG.main(RemoteTestNG.java:77)
]]>
            </full-stacktrace>
          </exception> <!-- java.lang.AssertionError -->
          <reporter-output>
            <line>
              <![CDATA[Actual user name is---->]]>
            </line>
            <line>
              <![CDATA[Reading data from Property File]]>
            </line>
            <line>
              <![CDATA[Data is Hi shubham Babar]]>
            </line>
            <line>
              <![CDATA[TCValidateUserNamefailed]]>
            </line>
            <line>
              <![CDATA[taking screenshot ]]>
            </line>
            <line>
              <![CDATA[screenShot taken and saved at C:\Users\hp\Desktop\Failed_SSValidateUserName.png]]>
            </line>
          </reporter-output>
        </test-method> <!-- ValidateUserName -->
        <test-method is-config="true" signature="logOutFromNeoStock()[pri:0, instance:NeoStockPom_Mvn.L_ValidateNeoStockuserName@437da279]" started-at="2023-01-13T23:03:54 IST" name="logOutFromNeoStock" finished-at="2023-01-13T23:04:08 IST" duration-ms="14184" status="PASS">
          <reporter-output>
            <line>
              <![CDATA[logging out from neostock]]>
            </line>
          </reporter-output>
        </test-method> <!-- logOutFromNeoStock -->
        <test-method is-config="true" signature="closeNeoStockApp()[pri:0, instance:NeoStockPom_Mvn.L_ValidateNeoStockuserName@437da279]" started-at="2023-01-13T23:04:08 IST" name="closeNeoStockApp" finished-at="2023-01-13T23:04:18 IST" duration-ms="10113" status="PASS">
          <reporter-output>
            <line>
              <![CDATA[Closing Application]]>
            </line>
          </reporter-output>
        </test-method> <!-- closeNeoStockApp -->
      </class> <!-- NeoStockPom_Mvn.L_ValidateNeoStockuserName -->
    </test> <!-- Default test -->
  </suite> <!-- Default suite -->
</testng-results>
